d:\docs\source\repos\monster\monsters\release\vc142.pdb
d:\docs\source\repos\monster\monsters\release\utils.obj
d:\docs\source\repos\monster\monsters\release\amxxmodule.obj
d:\docs\source\repos\monster\monsters\release\module.obj
d:\docs\source\repos\monster\monsters\release\dllapi.obj
d:\docs\source\repos\monster\monsters\release\cmd.obj
d:\docs\source\repos\monster\monsters\release\zombie.obj
d:\docs\source\repos\navmesh\release\monsters_amxx.dll
d:\docs\source\repos\navmesh\release\monsters_amxx.pdb
c:\cs_server\cstrike\addons\amxmodx\modules\monsters_amxx.dll
c:\cs_server\cstrike\addons\amxmodx\modules\monsters_amxx.pdb
d:\docs\source\repos\navmesh\release\monsters_amxx.lib
d:\docs\source\repos\navmesh\release\monsters_amxx.exp
d:\docs\source\repos\navmesh\release\monsters_amxx.ipdb
d:\docs\source\repos\navmesh\release\monsters_amxx.iobj
d:\docs\source\repos\monster\release\monsters_amxx.lib
d:\docs\source\repos\monster\release\monsters_amxx.exp
d:\docs\source\repos\monster\release\monsters_amxx.ipdb
d:\docs\source\repos\monster\release\monsters_amxx.iobj
c:\cs_server\cstrike\addons\amxmodx\modules\monsters_amxx.lib
c:\cs_server\cstrike\addons\amxmodx\modules\monsters_amxx.exp
c:\cs_server\cstrike\addons\amxmodx\modules\monsters_amxx.ipdb
c:\cs_server\cstrike\addons\amxmodx\modules\monsters_amxx.iobj
d:\docs\source\repos\monster\monsters\release\monsters.tlog\cl.command.1.tlog
d:\docs\source\repos\monster\monsters\release\monsters.tlog\cl.read.1.tlog
d:\docs\source\repos\monster\monsters\release\monsters.tlog\cl.write.1.tlog
d:\docs\source\repos\monster\monsters\release\monsters.tlog\link.command.1.tlog
d:\docs\source\repos\monster\monsters\release\monsters.tlog\link.delete.1.tlog
d:\docs\source\repos\monster\monsters\release\monsters.tlog\link.read.1.tlog
d:\docs\source\repos\monster\monsters\release\monsters.tlog\link.write.1.tlog
d:\docs\source\repos\monster\monsters\release\monsters.tlog\monsters.write.1u.tlog
